<?xml version="1.0" encoding="UTF-8"?>
<testsuite name="test_function2_tests.TestFunction2-20240402223323" tests="62" file="test_function2_tests.py" time="0.134" timestamp="2024-04-02T22:33:24" failures="0" errors="1" skipped="0">
	<testcase classname="test_function2_tests.TestFunction2" name="test_case1" time="0.019" timestamp="2024-04-02T22:33:24"/>
	<testcase classname="test_function2_tests.TestFunction2" name="test_case10" time="0.002" timestamp="2024-04-02T22:33:24"/>
	<testcase classname="test_function2_tests.TestFunction2" name="test_case11" time="0.001" timestamp="2024-04-02T22:33:24"/>
	<testcase classname="test_function2_tests.TestFunction2" name="test_case12" time="0.001" timestamp="2024-04-02T22:33:24"/>
	<testcase classname="test_function2_tests.TestFunction2" name="test_case13" time="0.001" timestamp="2024-04-02T22:33:24"/>
	<testcase classname="test_function2_tests.TestFunction2" name="test_case14" time="0.001" timestamp="2024-04-02T22:33:24"/>
	<testcase classname="test_function2_tests.TestFunction2" name="test_case15" time="0.002" timestamp="2024-04-02T22:33:24"/>
	<testcase classname="test_function2_tests.TestFunction2" name="test_case16" time="0.001" timestamp="2024-04-02T22:33:24"/>
	<testcase classname="test_function2_tests.TestFunction2" name="test_case17" time="0.001" timestamp="2024-04-02T22:33:24"/>
	<testcase classname="test_function2_tests.TestFunction2" name="test_case18" time="0.001" timestamp="2024-04-02T22:33:24"/>
	<testcase classname="test_function2_tests.TestFunction2" name="test_case19" time="0.001" timestamp="2024-04-02T22:33:24"/>
	<testcase classname="test_function2_tests.TestFunction2" name="test_case2" time="0.001" timestamp="2024-04-02T22:33:24"/>
	<testcase classname="test_function2_tests.TestFunction2" name="test_case20" time="0.001" timestamp="2024-04-02T22:33:24"/>
	<testcase classname="test_function2_tests.TestFunction2" name="test_case21" time="0.001" timestamp="2024-04-02T22:33:24"/>
	<testcase classname="test_function2_tests.TestFunction2" name="test_case22" time="0.001" timestamp="2024-04-02T22:33:24"/>
	<testcase classname="test_function2_tests.TestFunction2" name="test_case23" time="0.001" timestamp="2024-04-02T22:33:24"/>
	<testcase classname="test_function2_tests.TestFunction2" name="test_case24" time="0.001" timestamp="2024-04-02T22:33:24"/>
	<testcase classname="test_function2_tests.TestFunction2" name="test_case25" time="0.001" timestamp="2024-04-02T22:33:24"/>
	<testcase classname="test_function2_tests.TestFunction2" name="test_case26" time="0.001" timestamp="2024-04-02T22:33:24"/>
	<testcase classname="test_function2_tests.TestFunction2" name="test_case27" time="0.001" timestamp="2024-04-02T22:33:24"/>
	<testcase classname="test_function2_tests.TestFunction2" name="test_case28" time="0.001" timestamp="2024-04-02T22:33:24"/>
	<testcase classname="test_function2_tests.TestFunction2" name="test_case29" time="0.001" timestamp="2024-04-02T22:33:24"/>
	<testcase classname="test_function2_tests.TestFunction2" name="test_case3" time="0.001" timestamp="2024-04-02T22:33:24"/>
	<testcase classname="test_function2_tests.TestFunction2" name="test_case30" time="0.001" timestamp="2024-04-02T22:33:24"/>
	<testcase classname="test_function2_tests.TestFunction2" name="test_case31" time="0.001" timestamp="2024-04-02T22:33:24"/>
	<testcase classname="test_function2_tests.TestFunction2" name="test_case32" time="0.001" timestamp="2024-04-02T22:33:24"/>
	<testcase classname="test_function2_tests.TestFunction2" name="test_case33" time="0.001" timestamp="2024-04-02T22:33:24"/>
	<testcase classname="test_function2_tests.TestFunction2" name="test_case34" time="0.002" timestamp="2024-04-02T22:33:24"/>
	<testcase classname="test_function2_tests.TestFunction2" name="test_case35" time="0.001" timestamp="2024-04-02T22:33:24"/>
	<testcase classname="test_function2_tests.TestFunction2" name="test_case36" time="0.001" timestamp="2024-04-02T22:33:24"/>
	<testcase classname="test_function2_tests.TestFunction2" name="test_case37" time="0.001" timestamp="2024-04-02T22:33:24"/>
	<testcase classname="test_function2_tests.TestFunction2" name="test_case38" time="0.001" timestamp="2024-04-02T22:33:24"/>
	<testcase classname="test_function2_tests.TestFunction2" name="test_case39" time="0.001" timestamp="2024-04-02T22:33:24"/>
	<testcase classname="test_function2_tests.TestFunction2" name="test_case4" time="0.001" timestamp="2024-04-02T22:33:24"/>
	<testcase classname="test_function2_tests.TestFunction2" name="test_case40" time="0.001" timestamp="2024-04-02T22:33:24"/>
	<testcase classname="test_function2_tests.TestFunction2" name="test_case41" time="0.001" timestamp="2024-04-02T22:33:24"/>
	<testcase classname="test_function2_tests.TestFunction2" name="test_case42" time="0.001" timestamp="2024-04-02T22:33:24"/>
	<testcase classname="test_function2_tests.TestFunction2" name="test_case43" time="0.001" timestamp="2024-04-02T22:33:24"/>
	<testcase classname="test_function2_tests.TestFunction2" name="test_case44" time="0.001" timestamp="2024-04-02T22:33:24"/>
	<testcase classname="test_function2_tests.TestFunction2" name="test_case45" time="0.002" timestamp="2024-04-02T22:33:24"/>
	<testcase classname="test_function2_tests.TestFunction2" name="test_case46" time="0.002" timestamp="2024-04-02T22:33:24"/>
	<testcase classname="test_function2_tests.TestFunction2" name="test_case47" time="0.002" timestamp="2024-04-02T22:33:24"/>
	<testcase classname="test_function2_tests.TestFunction2" name="test_case48" time="0.001" timestamp="2024-04-02T22:33:24"/>
	<testcase classname="test_function2_tests.TestFunction2" name="test_case49" time="0.002" timestamp="2024-04-02T22:33:24"/>
	<testcase classname="test_function2_tests.TestFunction2" name="test_case5" time="0.002" timestamp="2024-04-02T22:33:24"/>
	<testcase classname="test_function2_tests.TestFunction2" name="test_case50" time="0.002" timestamp="2024-04-02T22:33:24"/>
	<testcase classname="test_function2_tests.TestFunction2" name="test_case51" time="0.002" timestamp="2024-04-02T22:33:24"/>
	<testcase classname="test_function2_tests.TestFunction2" name="test_case52" time="0.002" timestamp="2024-04-02T22:33:24"/>
	<testcase classname="test_function2_tests.TestFunction2" name="test_case53" time="0.002" timestamp="2024-04-02T22:33:24"/>
	<testcase classname="test_function2_tests.TestFunction2" name="test_case54" time="0.002" timestamp="2024-04-02T22:33:24"/>
	<testcase classname="test_function2_tests.TestFunction2" name="test_case55" time="0.003" timestamp="2024-04-02T22:33:24"/>
	<testcase classname="test_function2_tests.TestFunction2" name="test_case56" time="0.002" timestamp="2024-04-02T22:33:24"/>
	<testcase classname="test_function2_tests.TestFunction2" name="test_case57" time="0.002" timestamp="2024-04-02T22:33:24"/>
	<testcase classname="test_function2_tests.TestFunction2" name="test_case58" time="0.002" timestamp="2024-04-02T22:33:24"/>
	<testcase classname="test_function2_tests.TestFunction2" name="test_case59" time="0.002" timestamp="2024-04-02T22:33:24"/>
	<testcase classname="test_function2_tests.TestFunction2" name="test_case6" time="0.001" timestamp="2024-04-02T22:33:24"/>
	<testcase classname="test_function2_tests.TestFunction2" name="test_case60" time="0.002" timestamp="2024-04-02T22:33:24"/>
	<testcase classname="test_function2_tests.TestFunction2" name="test_case7" time="0.002" timestamp="2024-04-02T22:33:24"/>
	<testcase classname="test_function2_tests.TestFunction2" name="test_case8" time="0.002" timestamp="2024-04-02T22:33:24"/>
	<testcase classname="test_function2_tests.TestFunction2" name="test_case9" time="0.002" timestamp="2024-04-02T22:33:24"/>
	<testcase classname="test_function2_tests.TestFunction2" name="test_manipulation" time="0.006" timestamp="2024-04-02T22:33:24"/>
	<testcase classname="test_function2_tests.TestFunction2" name="test_date_check" time="0.021" timestamp="2024-04-02T22:33:24">
		<error type="ValueError" message="time data '30/03/2024' does not match format '%Y-%m-%dT%H:%M:%S'"><![CDATA[Traceback (most recent call last):
  File "/Library/Frameworks/Python.framework/Versions/3.9/lib/python3.9/unittest/case.py", line 59, in testPartExecutor
    yield
  File "/Library/Frameworks/Python.framework/Versions/3.9/lib/python3.9/unittest/case.py", line 593, in run
    self._callTestMethod(testMethod)
  File "/Library/Frameworks/Python.framework/Versions/3.9/lib/python3.9/unittest/case.py", line 550, in _callTestMethod
    method()
  File "/Library/Frameworks/Python.framework/Versions/3.9/lib/python3.9/site-packages/freezegun/api.py", line 827, in wrapper
    result = func(*args, **kwargs)
  File "/Users/natedamstra/PycharmProjects/G88.2024.T06.EG2/src/unittest/python/test_function2_tests.py", line 444, in test_date_check
    self.assertTrue(ValidClass.departure_date_valid("30/03/2024"))
  File "/Users/natedamstra/PycharmProjects/G88.2024.T06.EG2/src/main/python/uc3m_travel/hotel_manager.py", line 281, in departure_date_valid
    dt_object = datetime.strptime(departureDate, '%Y-%m-%dT%H:%M:%S')
  File "/Library/Frameworks/Python.framework/Versions/3.9/lib/python3.9/_strptime.py", line 568, in _strptime_datetime
    tt, fraction, gmtoff_fraction = _strptime(data_string, format)
  File "/Library/Frameworks/Python.framework/Versions/3.9/lib/python3.9/_strptime.py", line 349, in _strptime
    raise ValueError("time data %r does not match format %r" %
ValueError: time data '30/03/2024' does not match format '%Y-%m-%dT%H:%M:%S'
]]></error>
	</testcase>
</testsuite>
