{
  "errors": [
    {
      "test": "unittest.loader._FailedTest.test_function2_tests",
      "traceback": "Traceback (most recent call last):\n  File \"/Library/Frameworks/Python.framework/Versions/3.10/lib/python3.10/unittest/case.py\", line 59, in testPartExecutor\n    yield\n  File \"/Library/Frameworks/Python.framework/Versions/3.10/lib/python3.10/unittest/case.py\", line 591, in run\n    self._callTestMethod(testMethod)\n  File \"/Library/Frameworks/Python.framework/Versions/3.10/lib/python3.10/unittest/case.py\", line 549, in _callTestMethod\n    method()\n  File \"/Library/Frameworks/Python.framework/Versions/3.10/lib/python3.10/unittest/loader.py\", line 34, in testFailure\n    raise self._exception\nImportError: Failed to import test module: test_function2_tests\nTraceback (most recent call last):\n  File \"/Library/Frameworks/Python.framework/Versions/3.10/lib/python3.10/unittest/loader.py\", line 154, in loadTestsFromName\n    module = __import__(module_name)\n  File \"/Users/ellaz-j/PycharmProjects/G88.2024.T06.EG2/src/unittest/python/test_function2_tests.py\", line 5, in <module>\n    from src.main.python.UC3MTravel.hotel_management_exception import HotelManagementException\nModuleNotFoundError: No module named 'src'\n\n"
    },
    {
      "test": "unittest.loader._FailedTest.test_hotel_reservation_tests",
      "traceback": "Traceback (most recent call last):\n  File \"/Library/Frameworks/Python.framework/Versions/3.10/lib/python3.10/unittest/case.py\", line 59, in testPartExecutor\n    yield\n  File \"/Library/Frameworks/Python.framework/Versions/3.10/lib/python3.10/unittest/case.py\", line 591, in run\n    self._callTestMethod(testMethod)\n  File \"/Library/Frameworks/Python.framework/Versions/3.10/lib/python3.10/unittest/case.py\", line 549, in _callTestMethod\n    method()\n  File \"/Library/Frameworks/Python.framework/Versions/3.10/lib/python3.10/unittest/loader.py\", line 34, in testFailure\n    raise self._exception\nImportError: Failed to import test module: test_hotel_reservation_tests\nTraceback (most recent call last):\n  File \"/Library/Frameworks/Python.framework/Versions/3.10/lib/python3.10/unittest/loader.py\", line 154, in loadTestsFromName\n    module = __import__(module_name)\n  File \"/Users/ellaz-j/PycharmProjects/G88.2024.T06.EG2/src/unittest/python/test_hotel_reservation_tests.py\", line 5, in <module>\n    from src.main.python.UC3MTravel.hotel_management_exception import HotelManagementException\nModuleNotFoundError: No module named 'src'\n\n"
    }
  ],
  "failures": [],
  "tests-run": 2
}